nohup: ignoring input
Using TensorFlow backend.
2019-05-09 23:35:19.713511: I tensorflow/core/platform/cpu_feature_guard.cc:141] Your CPU supports instructions that this TensorFlow binary was not compiled to use: AVX2 AVX512F FMA
2019-05-09 23:35:19.742771: I tensorflow/core/platform/profile_utils/cpu_utils.cc:94] CPU Frequency: 2194840000 Hz
2019-05-09 23:35:19.745297: I tensorflow/compiler/xla/service/service.cc:150] XLA service 0x32051b0 executing computations on platform Host. Devices:
2019-05-09 23:35:19.745335: I tensorflow/compiler/xla/service/service.cc:158]   StreamExecutor device (0): <undefined>, <undefined>
2019-05-09 23:35:19.746557: I tensorflow/core/distributed_runtime/rpc/grpc_channel.cc:252] Initialize GrpcChannelCache for job ps -> {0 -> node0:2262}
2019-05-09 23:35:19.746582: I tensorflow/core/distributed_runtime/rpc/grpc_channel.cc:252] Initialize GrpcChannelCache for job worker -> {0 -> node0:2263, 1 -> localhost:2264, 2 -> node2:2265}
2019-05-09 23:35:19.750413: I tensorflow/core/distributed_runtime/rpc/grpc_server_lib.cc:391] Started server with target: grpc://localhost:2264
WARNING:tensorflow:From /usr/local/lib/python2.7/dist-packages/tensorflow/python/framework/op_def_library.py:263: colocate_with (from tensorflow.python.framework.ops) is deprecated and will be removed in a future version.
Instructions for updating:
Colocations handled automatically by placer.
WARNING:tensorflow:From /users/madanraj/BigData-master/code/distributed_lstm_rnn_dynamic_clusterspec.py:131: dynamic_rnn (from tensorflow.python.ops.rnn) is deprecated and will be removed in a future version.
Instructions for updating:
Please use `keras.layers.RNN(cell)`, which is equivalent to this API
WARNING:tensorflow:From /users/madanraj/BigData-master/code/distributed_lstm_rnn_dynamic_clusterspec.py:137: batch_normalization (from tensorflow.python.layers.normalization) is deprecated and will be removed in a future version.
Instructions for updating:
Use keras.layers.batch_normalization instead.
WARNING:tensorflow:From /users/madanraj/BigData-master/code/distributed_lstm_rnn_dynamic_clusterspec.py:212: __init__ (from tensorflow.python.training.supervisor) is deprecated and will be removed in a future version.
Instructions for updating:
Please switch to tf.train.MonitoredTrainingSession
INFO:tensorflow:Running local_init_op.
2019-05-09 23:35:23.637246: I tensorflow/core/distributed_runtime/master_session.cc:1192] Start master session 0a715d1d906eb003 with config: 
INFO:tensorflow:Done running local_init_op.
INFO:tensorflow:Starting queue runners.
worker

WARNING: The TensorFlow contrib module will not be included in TensorFlow 2.0.
For more information, please see:
  * https://github.com/tensorflow/community/blob/master/rfcs/20180907-contrib-sunset.md
  * https://github.com/tensorflow/addons
If you depend on functionality not listed there, please file an issue.

dense/kernel:0
dense/bias:0
Variables initialized ...
running epochs
Step 10, Minibatch Loss= 2.3057, Training Accuracy= 0.060
Step 20, Minibatch Loss= 2.3004, Training Accuracy= 0.070
Step 30, Minibatch Loss= 2.2775, Training Accuracy= 0.190
Step 40, Minibatch Loss= 2.1582, Training Accuracy= 0.190
Step 50, Minibatch Loss= 1.7810, Training Accuracy= 0.390
Step 60, Minibatch Loss= 1.5829, Training Accuracy= 0.390
Step 70, Minibatch Loss= 1.3439, Training Accuracy= 0.530
Step 80, Minibatch Loss= 1.0784, Training Accuracy= 0.620
Step 90, Minibatch Loss= 0.8790, Training Accuracy= 0.760
Step 100, Minibatch Loss= 1.0051, Training Accuracy= 0.640
Step 110, Minibatch Loss= 0.6593, Training Accuracy= 0.800
Step 120, Minibatch Loss= 0.7775, Training Accuracy= 0.780
Step 130, Minibatch Loss= 0.8243, Training Accuracy= 0.720
Step 140, Minibatch Loss= 0.6448, Training Accuracy= 0.810
Step 150, Minibatch Loss= 0.5422, Training Accuracy= 0.800
Step 160, Minibatch Loss= 0.6585, Training Accuracy= 0.770
Step 170, Minibatch Loss= 0.4986, Training Accuracy= 0.840
Step 180, Minibatch Loss= 0.3849, Training Accuracy= 0.900
Step 190, Minibatch Loss= 0.3969, Training Accuracy= 0.860
Step 200, Minibatch Loss= 0.3264, Training Accuracy= 0.910
Step 210, Minibatch Loss= 0.3460, Training Accuracy= 0.920
Step 220, Minibatch Loss= 0.3493, Training Accuracy= 0.910
Step 230, Minibatch Loss= 0.3419, Training Accuracy= 0.890
Step 240, Minibatch Loss= 0.3624, Training Accuracy= 0.880
Step 250, Minibatch Loss= 0.2804, Training Accuracy= 0.920
Step 260, Minibatch Loss= 0.2717, Training Accuracy= 0.900
Step 270, Minibatch Loss= 0.2186, Training Accuracy= 0.940
Step 280, Minibatch Loss= 0.2334, Training Accuracy= 0.940
Step 290, Minibatch Loss= 0.1308, Training Accuracy= 0.970
Step 300, Minibatch Loss= 0.2297, Training Accuracy= 0.930
Step 310, Minibatch Loss= 0.1084, Training Accuracy= 0.980
Step 320, Minibatch Loss= 0.1463, Training Accuracy= 0.960
Step 330, Minibatch Loss= 0.2201, Training Accuracy= 0.930
Step 340, Minibatch Loss= 0.1156, Training Accuracy= 0.970
Step 350, Minibatch Loss= 0.1359, Training Accuracy= 0.960
Step 360, Minibatch Loss= 0.0436, Training Accuracy= 0.990
Step 370, Minibatch Loss= 0.1149, Training Accuracy= 0.950
Step 380, Minibatch Loss= 0.2005, Training Accuracy= 0.950
Step 390, Minibatch Loss= 0.1191, Training Accuracy= 0.950
Step 400, Minibatch Loss= 0.1505, Training Accuracy= 0.970
Step 410, Minibatch Loss= 0.0940, Training Accuracy= 0.980
Step 420, Minibatch Loss= 0.1845, Training Accuracy= 0.960
Step 430, Minibatch Loss= 0.0271, Training Accuracy= 1.000
Step 440, Minibatch Loss= 0.1084, Training Accuracy= 0.960
Step 450, Minibatch Loss= 0.0907, Training Accuracy= 0.970
Step 460, Minibatch Loss= 0.0309, Training Accuracy= 1.000
Optimization Finished!
running epochs
Step 10, Minibatch Loss= 0.0444, Training Accuracy= 0.990
Step 20, Minibatch Loss= 0.0439, Training Accuracy= 0.980
Step 30, Minibatch Loss= 0.1888, Training Accuracy= 0.960
Step 40, Minibatch Loss= 0.0475, Training Accuracy= 0.990
Step 50, Minibatch Loss= 0.0664, Training Accuracy= 0.970
Step 60, Minibatch Loss= 0.0481, Training Accuracy= 0.980
Step 70, Minibatch Loss= 0.0171, Training Accuracy= 1.000
Step 80, Minibatch Loss= 0.0217, Training Accuracy= 1.000
Step 90, Minibatch Loss= 0.0171, Training Accuracy= 1.000
Step 100, Minibatch Loss= 0.0231, Training Accuracy= 1.000
Step 110, Minibatch Loss= 0.0671, Training Accuracy= 0.980
Step 120, Minibatch Loss= 0.0435, Training Accuracy= 0.990
Step 130, Minibatch Loss= 0.0344, Training Accuracy= 0.990
Step 140, Minibatch Loss= 0.0404, Training Accuracy= 0.990
Step 150, Minibatch Loss= 0.0206, Training Accuracy= 1.000
Step 160, Minibatch Loss= 0.0195, Training Accuracy= 1.000
Step 170, Minibatch Loss= 0.0180, Training Accuracy= 1.000
Step 180, Minibatch Loss= 0.0593, Training Accuracy= 0.980
Step 190, Minibatch Loss= 0.0635, Training Accuracy= 0.980
Step 200, Minibatch Loss= 0.0212, Training Accuracy= 1.000
Step 210, Minibatch Loss= 0.0070, Training Accuracy= 1.000
Step 220, Minibatch Loss= 0.0141, Training Accuracy= 1.000
Step 230, Minibatch Loss= 0.0278, Training Accuracy= 0.990
Step 240, Minibatch Loss= 0.0145, Training Accuracy= 1.000
Step 250, Minibatch Loss= 0.0171, Training Accuracy= 1.000
Step 260, Minibatch Loss= 0.0132, Training Accuracy= 1.000
Step 270, Minibatch Loss= 0.0560, Training Accuracy= 0.990
Step 280, Minibatch Loss= 0.0171, Training Accuracy= 1.000
Step 290, Minibatch Loss= 0.0102, Training Accuracy= 1.000
Step 300, Minibatch Loss= 0.0428, Training Accuracy= 0.990
Step 310, Minibatch Loss= 0.0363, Training Accuracy= 0.980
Step 320, Minibatch Loss= 0.0315, Training Accuracy= 0.990
Step 330, Minibatch Loss= 0.0210, Training Accuracy= 1.000
Step 340, Minibatch Loss= 0.0104, Training Accuracy= 1.000
Step 350, Minibatch Loss= 0.0221, Training Accuracy= 0.990
Step 360, Minibatch Loss= 0.0150, Training Accuracy= 0.990
Step 370, Minibatch Loss= 0.0349, Training Accuracy= 0.990
Step 380, Minibatch Loss= 0.0532, Training Accuracy= 0.980
Step 390, Minibatch Loss= 0.0207, Training Accuracy= 1.000
Step 400, Minibatch Loss= 0.0297, Training Accuracy= 0.990
Step 410, Minibatch Loss= 0.0092, Training Accuracy= 1.000
Step 420, Minibatch Loss= 0.0108, Training Accuracy= 1.000
Step 430, Minibatch Loss= 0.0077, Training Accuracy= 1.000
Step 440, Minibatch Loss= 0.0178, Training Accuracy= 0.990
Step 450, Minibatch Loss= 0.0115, Training Accuracy= 1.000
Step 460, Minibatch Loss= 0.0124, Training Accuracy= 1.000
Optimization Finished!
running epochs
Step 10, Minibatch Loss= 0.0063, Training Accuracy= 1.000
Step 20, Minibatch Loss= 0.0028, Training Accuracy= 1.000
Step 30, Minibatch Loss= 0.0156, Training Accuracy= 1.000
Step 40, Minibatch Loss= 0.0067, Training Accuracy= 1.000
Step 50, Minibatch Loss= 0.0078, Training Accuracy= 1.000
Step 60, Minibatch Loss= 0.0059, Training Accuracy= 1.000
Step 70, Minibatch Loss= 0.0033, Training Accuracy= 1.000
Step 80, Minibatch Loss= 0.0272, Training Accuracy= 0.990
Step 90, Minibatch Loss= 0.0272, Training Accuracy= 0.990
Step 100, Minibatch Loss= 0.0054, Training Accuracy= 1.000
Step 110, Minibatch Loss= 0.0066, Training Accuracy= 1.000
Step 120, Minibatch Loss= 0.0717, Training Accuracy= 0.990
Step 130, Minibatch Loss= 0.0208, Training Accuracy= 0.990
Step 140, Minibatch Loss= 0.0427, Training Accuracy= 0.980
Step 150, Minibatch Loss= 0.0153, Training Accuracy= 1.000
Step 160, Minibatch Loss= 0.0071, Training Accuracy= 1.000
Step 170, Minibatch Loss= 0.0173, Training Accuracy= 1.000
Step 180, Minibatch Loss= 0.0594, Training Accuracy= 0.980
Step 190, Minibatch Loss= 0.0059, Training Accuracy= 1.000
Step 200, Minibatch Loss= 0.0221, Training Accuracy= 0.990
Step 210, Minibatch Loss= 0.0039, Training Accuracy= 1.000
Step 220, Minibatch Loss= 0.0034, Training Accuracy= 1.000
Step 230, Minibatch Loss= 0.0236, Training Accuracy= 0.990
Step 240, Minibatch Loss= 0.0037, Training Accuracy= 1.000
Step 250, Minibatch Loss= 0.0160, Training Accuracy= 1.000
Step 260, Minibatch Loss= 0.0030, Training Accuracy= 1.000
Step 270, Minibatch Loss= 0.0061, Training Accuracy= 1.000
Step 280, Minibatch Loss= 0.0110, Training Accuracy= 1.000
Step 290, Minibatch Loss= 0.0039, Training Accuracy= 1.000
Step 300, Minibatch Loss= 0.0065, Training Accuracy= 1.000
Step 310, Minibatch Loss= 0.0422, Training Accuracy= 0.990
Step 320, Minibatch Loss= 0.0107, Training Accuracy= 1.000
Step 330, Minibatch Loss= 0.0136, Training Accuracy= 1.000
Step 340, Minibatch Loss= 0.0070, Training Accuracy= 1.000
Step 350, Minibatch Loss= 0.0220, Training Accuracy= 0.990
Step 360, Minibatch Loss= 0.0138, Training Accuracy= 0.990
Step 370, Minibatch Loss= 0.0064, Training Accuracy= 1.000
Step 380, Minibatch Loss= 0.0204, Training Accuracy= 1.000
Step 390, Minibatch Loss= 0.0106, Training Accuracy= 1.000
Step 400, Minibatch Loss= 0.0060, Training Accuracy= 1.000
Step 410, Minibatch Loss= 0.0028, Training Accuracy= 1.000
Step 420, Minibatch Loss= 0.0057, Training Accuracy= 1.000
Step 430, Minibatch Loss= 0.0051, Training Accuracy= 1.000
Step 440, Minibatch Loss= 0.0081, Training Accuracy= 1.000
Step 450, Minibatch Loss= 0.0051, Training Accuracy= 1.000
Step 460, Minibatch Loss= 0.0031, Training Accuracy= 1.000
Optimization Finished!
running epochs
Step 10, Minibatch Loss= 0.0049, Training Accuracy= 1.000
Step 20, Minibatch Loss= 0.0024, Training Accuracy= 1.000
Step 30, Minibatch Loss= 0.0337, Training Accuracy= 0.990
Step 40, Minibatch Loss= 0.0049, Training Accuracy= 1.000
Step 50, Minibatch Loss= 0.0236, Training Accuracy= 0.990
Step 60, Minibatch Loss= 0.0319, Training Accuracy= 0.990
Step 70, Minibatch Loss= 0.0071, Training Accuracy= 1.000
Step 80, Minibatch Loss= 0.0104, Training Accuracy= 1.000
Step 90, Minibatch Loss= 0.0647, Training Accuracy= 0.990
Step 100, Minibatch Loss= 0.0059, Training Accuracy= 1.000
Step 110, Minibatch Loss= 0.0090, Training Accuracy= 1.000
Step 120, Minibatch Loss= 0.0496, Training Accuracy= 0.980
Step 130, Minibatch Loss= 0.0065, Training Accuracy= 1.000
Step 140, Minibatch Loss= 0.0131, Training Accuracy= 1.000
Step 150, Minibatch Loss= 0.0023, Training Accuracy= 1.000
Step 160, Minibatch Loss= 0.0026, Training Accuracy= 1.000
Step 170, Minibatch Loss= 0.0077, Training Accuracy= 1.000
Step 180, Minibatch Loss= 0.0197, Training Accuracy= 1.000
Step 190, Minibatch Loss= 0.0101, Training Accuracy= 1.000
Step 200, Minibatch Loss= 0.0029, Training Accuracy= 1.000
Step 210, Minibatch Loss= 0.0018, Training Accuracy= 1.000
Step 220, Minibatch Loss= 0.0032, Training Accuracy= 1.000
Step 230, Minibatch Loss= 0.0282, Training Accuracy= 0.990
Step 240, Minibatch Loss= 0.0047, Training Accuracy= 1.000
Step 250, Minibatch Loss= 0.1464, Training Accuracy= 0.920
Step 260, Minibatch Loss= 0.0026, Training Accuracy= 1.000
Step 270, Minibatch Loss= 0.1139, Training Accuracy= 0.960
Step 280, Minibatch Loss= 0.0032, Training Accuracy= 1.000
Step 290, Minibatch Loss= 0.0028, Training Accuracy= 1.000
Step 300, Minibatch Loss= 0.0026, Training Accuracy= 1.000
Step 310, Minibatch Loss= 0.0340, Training Accuracy= 0.990
Step 320, Minibatch Loss= 0.0065, Training Accuracy= 1.000
Step 330, Minibatch Loss= 0.0078, Training Accuracy= 1.000
Step 340, Minibatch Loss= 0.0083, Training Accuracy= 1.000
Step 350, Minibatch Loss= 0.0256, Training Accuracy= 0.990
Step 360, Minibatch Loss= 0.0151, Training Accuracy= 1.000
Step 370, Minibatch Loss= 0.0827, Training Accuracy= 0.990
Step 380, Minibatch Loss= 0.0362, Training Accuracy= 0.990
Step 390, Minibatch Loss= 0.0126, Training Accuracy= 1.000
Step 400, Minibatch Loss= 0.0036, Training Accuracy= 1.000
Step 410, Minibatch Loss= 0.0022, Training Accuracy= 1.000
Step 420, Minibatch Loss= 0.0312, Training Accuracy= 0.990
Step 430, Minibatch Loss= 0.0023, Training Accuracy= 1.000
Step 440, Minibatch Loss= 0.0037, Training Accuracy= 1.000
Step 450, Minibatch Loss= 0.0034, Training Accuracy= 1.000
Step 460, Minibatch Loss= 0.0084, Training Accuracy= 1.000
Optimization Finished!
running epochs
Step 10, Minibatch Loss= 0.0022, Training Accuracy= 1.000
Step 20, Minibatch Loss= 0.0012, Training Accuracy= 1.000
Step 30, Minibatch Loss= 0.0040, Training Accuracy= 1.000
Step 40, Minibatch Loss= 0.0034, Training Accuracy= 1.000
Step 50, Minibatch Loss= 0.0017, Training Accuracy= 1.000
Step 60, Minibatch Loss= 0.0123, Training Accuracy= 0.990
Step 70, Minibatch Loss= 0.0023, Training Accuracy= 1.000
Step 80, Minibatch Loss= 0.0015, Training Accuracy= 1.000
Step 90, Minibatch Loss= 0.0020, Training Accuracy= 1.000
Step 100, Minibatch Loss= 0.0020, Training Accuracy= 1.000
Step 110, Minibatch Loss= 0.0026, Training Accuracy= 1.000
Step 120, Minibatch Loss= 0.0444, Training Accuracy= 0.990
Step 130, Minibatch Loss= 0.0083, Training Accuracy= 1.000
Step 140, Minibatch Loss= 0.0019, Training Accuracy= 1.000
Step 150, Minibatch Loss= 0.0012, Training Accuracy= 1.000
Step 160, Minibatch Loss= 0.0012, Training Accuracy= 1.000
Step 170, Minibatch Loss= 0.0036, Training Accuracy= 1.000
Step 180, Minibatch Loss= 0.0040, Training Accuracy= 1.000
Step 190, Minibatch Loss= 0.0025, Training Accuracy= 1.000
Step 200, Minibatch Loss= 0.0016, Training Accuracy= 1.000
Step 210, Minibatch Loss= 0.0009, Training Accuracy= 1.000
Step 220, Minibatch Loss= 0.0011, Training Accuracy= 1.000
Step 230, Minibatch Loss= 0.0182, Training Accuracy= 0.990
Step 240, Minibatch Loss= 0.0017, Training Accuracy= 1.000
Step 250, Minibatch Loss= 0.0081, Training Accuracy= 1.000
Step 260, Minibatch Loss= 0.0011, Training Accuracy= 1.000
Step 270, Minibatch Loss= 0.0049, Training Accuracy= 1.000
Step 280, Minibatch Loss= 0.0022, Training Accuracy= 1.000
Step 290, Minibatch Loss= 0.0123, Training Accuracy= 0.990
Step 300, Minibatch Loss= 0.0018, Training Accuracy= 1.000
Step 310, Minibatch Loss= 0.0030, Training Accuracy= 1.000
Step 320, Minibatch Loss= 0.0044, Training Accuracy= 1.000
Step 330, Minibatch Loss= 0.0028, Training Accuracy= 1.000
Step 340, Minibatch Loss= 0.0019, Training Accuracy= 1.000
Step 350, Minibatch Loss= 0.0023, Training Accuracy= 1.000
Step 360, Minibatch Loss= 0.0099, Training Accuracy= 0.990
Step 370, Minibatch Loss= 0.0702, Training Accuracy= 0.990
Step 380, Minibatch Loss= 0.0123, Training Accuracy= 0.990
Step 390, Minibatch Loss= 0.0126, Training Accuracy= 0.990
Step 400, Minibatch Loss= 0.0011, Training Accuracy= 1.000
Step 410, Minibatch Loss= 0.0004, Training Accuracy= 1.000
Step 420, Minibatch Loss= 0.0020, Training Accuracy= 1.000
Step 430, Minibatch Loss= 0.0009, Training Accuracy= 1.000
Step 440, Minibatch Loss= 0.0025, Training Accuracy= 1.000
Step 450, Minibatch Loss= 0.0020, Training Accuracy= 1.000
Step 460, Minibatch Loss= 0.0044, Training Accuracy= 1.000
Optimization Finished!
('Testing Accuracy:', 0.98335)
done
