nohup: ignoring input
Using TensorFlow backend.
2019-05-09 23:23:23.172419: I tensorflow/core/platform/cpu_feature_guard.cc:141] Your CPU supports instructions that this TensorFlow binary was not compiled to use: AVX2 AVX512F FMA
2019-05-09 23:23:23.199230: I tensorflow/core/platform/profile_utils/cpu_utils.cc:94] CPU Frequency: 2194835000 Hz
2019-05-09 23:23:23.201898: I tensorflow/compiler/xla/service/service.cc:150] XLA service 0x41e3f90 executing computations on platform Host. Devices:
2019-05-09 23:23:23.201935: I tensorflow/compiler/xla/service/service.cc:158]   StreamExecutor device (0): <undefined>, <undefined>
2019-05-09 23:23:23.203259: I tensorflow/core/distributed_runtime/rpc/grpc_channel.cc:252] Initialize GrpcChannelCache for job ps -> {0 -> node0:2252}
2019-05-09 23:23:23.203289: I tensorflow/core/distributed_runtime/rpc/grpc_channel.cc:252] Initialize GrpcChannelCache for job worker -> {0 -> localhost:2253, 1 -> node1:2254}
2019-05-09 23:23:23.207030: I tensorflow/core/distributed_runtime/rpc/grpc_server_lib.cc:391] Started server with target: grpc://localhost:2253
WARNING:tensorflow:From /usr/local/lib/python2.7/dist-packages/tensorflow/python/framework/op_def_library.py:263: colocate_with (from tensorflow.python.framework.ops) is deprecated and will be removed in a future version.
Instructions for updating:
Colocations handled automatically by placer.
WARNING:tensorflow:From /users/madanraj/BigData-master/code/distributed_lstm_rnn_dynamic_clusterspec.py:131: dynamic_rnn (from tensorflow.python.ops.rnn) is deprecated and will be removed in a future version.
Instructions for updating:
Please use `keras.layers.RNN(cell)`, which is equivalent to this API
WARNING:tensorflow:From /users/madanraj/BigData-master/code/distributed_lstm_rnn_dynamic_clusterspec.py:137: batch_normalization (from tensorflow.python.layers.normalization) is deprecated and will be removed in a future version.
Instructions for updating:
Use keras.layers.batch_normalization instead.
WARNING:tensorflow:From /users/madanraj/BigData-master/code/distributed_lstm_rnn_dynamic_clusterspec.py:212: __init__ (from tensorflow.python.training.supervisor) is deprecated and will be removed in a future version.
Instructions for updating:
Please switch to tf.train.MonitoredTrainingSession
2019-05-09 23:23:27.057193: I tensorflow/core/distributed_runtime/master_session.cc:1192] Start master session 90064ef745b8aad4 with config: 
INFO:tensorflow:Running local_init_op.
INFO:tensorflow:Done running local_init_op.
INFO:tensorflow:Starting standard services.
WARNING:tensorflow:Standard services need a 'logdir' passed to the SessionManager
INFO:tensorflow:Starting queue runners.
worker

WARNING: The TensorFlow contrib module will not be included in TensorFlow 2.0.
For more information, please see:
  * https://github.com/tensorflow/community/blob/master/rfcs/20180907-contrib-sunset.md
  * https://github.com/tensorflow/addons
If you depend on functionality not listed there, please file an issue.

dense/kernel:0
dense/bias:0
Variables initialized ...
running epochs
Step 10, Minibatch Loss= 2.3079, Training Accuracy= 0.090
Step 20, Minibatch Loss= 2.3054, Training Accuracy= 0.080
Step 30, Minibatch Loss= 2.3131, Training Accuracy= 0.060
Step 40, Minibatch Loss= 2.3044, Training Accuracy= 0.080
Step 50, Minibatch Loss= 2.3119, Training Accuracy= 0.030
Step 60, Minibatch Loss= 2.3046, Training Accuracy= 0.060
Step 70, Minibatch Loss= 2.2921, Training Accuracy= 0.150
Step 80, Minibatch Loss= 2.2881, Training Accuracy= 0.120
Step 90, Minibatch Loss= 2.2809, Training Accuracy= 0.190
Step 100, Minibatch Loss= 2.2729, Training Accuracy= 0.170
Step 110, Minibatch Loss= 2.2222, Training Accuracy= 0.270
Step 120, Minibatch Loss= 2.1889, Training Accuracy= 0.290
Step 130, Minibatch Loss= 2.0892, Training Accuracy= 0.180
Step 140, Minibatch Loss= 1.7811, Training Accuracy= 0.420
Step 150, Minibatch Loss= 1.7362, Training Accuracy= 0.410
Step 160, Minibatch Loss= 1.5271, Training Accuracy= 0.550
Step 170, Minibatch Loss= 1.2984, Training Accuracy= 0.610
Step 180, Minibatch Loss= 1.2396, Training Accuracy= 0.660
Step 190, Minibatch Loss= 1.1512, Training Accuracy= 0.600
Step 200, Minibatch Loss= 1.0133, Training Accuracy= 0.730
Step 210, Minibatch Loss= 0.8870, Training Accuracy= 0.770
Step 220, Minibatch Loss= 0.8802, Training Accuracy= 0.720
Step 230, Minibatch Loss= 0.7128, Training Accuracy= 0.780
Step 240, Minibatch Loss= 0.7823, Training Accuracy= 0.760
Step 250, Minibatch Loss= 0.6414, Training Accuracy= 0.840
Step 260, Minibatch Loss= 0.6973, Training Accuracy= 0.740
Step 270, Minibatch Loss= 0.5584, Training Accuracy= 0.850
Step 280, Minibatch Loss= 0.5747, Training Accuracy= 0.870
Step 290, Minibatch Loss= 0.5185, Training Accuracy= 0.880
Step 300, Minibatch Loss= 0.4339, Training Accuracy= 0.900
Step 310, Minibatch Loss= 0.4975, Training Accuracy= 0.850
Step 320, Minibatch Loss= 0.6479, Training Accuracy= 0.830
Step 330, Minibatch Loss= 0.4510, Training Accuracy= 0.860
Step 340, Minibatch Loss= 0.3631, Training Accuracy= 0.880
Step 350, Minibatch Loss= 0.3600, Training Accuracy= 0.900
Step 360, Minibatch Loss= 0.3876, Training Accuracy= 0.880
Step 370, Minibatch Loss= 0.3762, Training Accuracy= 0.860
Step 380, Minibatch Loss= 0.3412, Training Accuracy= 0.900
Step 390, Minibatch Loss= 0.3481, Training Accuracy= 0.900
Step 400, Minibatch Loss= 0.3513, Training Accuracy= 0.900
Step 410, Minibatch Loss= 0.2809, Training Accuracy= 0.910
Step 420, Minibatch Loss= 0.3852, Training Accuracy= 0.910
Step 430, Minibatch Loss= 0.3687, Training Accuracy= 0.860
Step 440, Minibatch Loss= 0.1854, Training Accuracy= 0.960
Step 450, Minibatch Loss= 0.2574, Training Accuracy= 0.930
Step 460, Minibatch Loss= 0.2833, Training Accuracy= 0.910
Optimization Finished!
running epochs
Step 10, Minibatch Loss= 0.2376, Training Accuracy= 0.940
Step 20, Minibatch Loss= 0.2996, Training Accuracy= 0.890
Step 30, Minibatch Loss= 0.3248, Training Accuracy= 0.890
Step 40, Minibatch Loss= 0.1996, Training Accuracy= 0.930
Step 50, Minibatch Loss= 0.2080, Training Accuracy= 0.930
Step 60, Minibatch Loss= 0.2559, Training Accuracy= 0.930
Step 70, Minibatch Loss= 0.2290, Training Accuracy= 0.930
Step 80, Minibatch Loss= 0.2209, Training Accuracy= 0.920
Step 90, Minibatch Loss= 0.2225, Training Accuracy= 0.940
Step 100, Minibatch Loss= 0.1865, Training Accuracy= 0.930
Step 110, Minibatch Loss= 0.1897, Training Accuracy= 0.930
Step 120, Minibatch Loss= 0.1806, Training Accuracy= 0.930
Step 130, Minibatch Loss= 0.2272, Training Accuracy= 0.920
Step 140, Minibatch Loss= 0.2256, Training Accuracy= 0.950
Step 150, Minibatch Loss= 0.2025, Training Accuracy= 0.940
Step 160, Minibatch Loss= 0.1428, Training Accuracy= 0.950
Step 170, Minibatch Loss= 0.1164, Training Accuracy= 0.970
Step 180, Minibatch Loss= 0.1735, Training Accuracy= 0.950
Step 190, Minibatch Loss= 0.1967, Training Accuracy= 0.940
Step 200, Minibatch Loss= 0.0968, Training Accuracy= 0.970
Step 210, Minibatch Loss= 0.1023, Training Accuracy= 0.970
Step 220, Minibatch Loss= 0.1120, Training Accuracy= 0.970
Step 230, Minibatch Loss= 0.1338, Training Accuracy= 0.950
Step 240, Minibatch Loss= 0.0958, Training Accuracy= 0.990
Step 250, Minibatch Loss= 0.0851, Training Accuracy= 0.970
Step 260, Minibatch Loss= 0.0907, Training Accuracy= 0.970
Step 270, Minibatch Loss= 0.0782, Training Accuracy= 0.980
Step 280, Minibatch Loss= 0.1350, Training Accuracy= 0.970
Step 290, Minibatch Loss= 0.0477, Training Accuracy= 0.990
Step 300, Minibatch Loss= 0.1157, Training Accuracy= 0.970
Step 310, Minibatch Loss= 0.1217, Training Accuracy= 0.960
Step 320, Minibatch Loss= 0.0675, Training Accuracy= 0.990
Step 330, Minibatch Loss= 0.0766, Training Accuracy= 0.990
Step 340, Minibatch Loss= 0.0576, Training Accuracy= 0.980
Step 350, Minibatch Loss= 0.0694, Training Accuracy= 0.980
Step 360, Minibatch Loss= 0.0693, Training Accuracy= 0.980
Step 370, Minibatch Loss= 0.1430, Training Accuracy= 0.950
Step 380, Minibatch Loss= 0.0724, Training Accuracy= 0.980
Step 390, Minibatch Loss= 0.1252, Training Accuracy= 0.960
Step 400, Minibatch Loss= 0.0893, Training Accuracy= 0.980
Step 410, Minibatch Loss= 0.0373, Training Accuracy= 1.000
Step 420, Minibatch Loss= 0.1111, Training Accuracy= 0.970
Step 430, Minibatch Loss= 0.0797, Training Accuracy= 0.980
Step 440, Minibatch Loss= 0.0483, Training Accuracy= 0.990
Step 450, Minibatch Loss= 0.1490, Training Accuracy= 0.960
Step 460, Minibatch Loss= 0.0567, Training Accuracy= 0.990
Optimization Finished!
running epochs
Step 10, Minibatch Loss= 0.0865, Training Accuracy= 0.990
Step 20, Minibatch Loss= 0.0497, Training Accuracy= 0.990
Step 30, Minibatch Loss= 0.0961, Training Accuracy= 0.990
Step 40, Minibatch Loss= 0.0221, Training Accuracy= 1.000
Step 50, Minibatch Loss= 0.0531, Training Accuracy= 0.970
Step 60, Minibatch Loss= 0.0914, Training Accuracy= 0.970
Step 70, Minibatch Loss= 0.0407, Training Accuracy= 0.990
Step 80, Minibatch Loss= 0.0746, Training Accuracy= 0.970
Step 90, Minibatch Loss= 0.0679, Training Accuracy= 0.980
Step 100, Minibatch Loss= 0.0384, Training Accuracy= 1.000
Step 110, Minibatch Loss= 0.0516, Training Accuracy= 0.990
Step 120, Minibatch Loss= 0.0598, Training Accuracy= 0.990
Step 130, Minibatch Loss= 0.0369, Training Accuracy= 0.990
Step 140, Minibatch Loss= 0.0925, Training Accuracy= 0.980
Step 150, Minibatch Loss= 0.0758, Training Accuracy= 0.980
Step 160, Minibatch Loss= 0.0388, Training Accuracy= 0.980
Step 170, Minibatch Loss= 0.0197, Training Accuracy= 1.000
Step 180, Minibatch Loss= 0.0751, Training Accuracy= 0.970
Step 190, Minibatch Loss= 0.0338, Training Accuracy= 1.000
Step 200, Minibatch Loss= 0.0257, Training Accuracy= 1.000
Step 210, Minibatch Loss= 0.0121, Training Accuracy= 1.000
Step 220, Minibatch Loss= 0.0348, Training Accuracy= 1.000
Step 230, Minibatch Loss= 0.0734, Training Accuracy= 0.970
Step 240, Minibatch Loss= 0.0293, Training Accuracy= 0.990
Step 250, Minibatch Loss= 0.0286, Training Accuracy= 1.000
Step 260, Minibatch Loss= 0.0276, Training Accuracy= 0.990
Step 270, Minibatch Loss= 0.0297, Training Accuracy= 0.990
Step 280, Minibatch Loss= 0.0149, Training Accuracy= 1.000
Step 290, Minibatch Loss= 0.0242, Training Accuracy= 0.990
Step 300, Minibatch Loss= 0.0541, Training Accuracy= 0.990
Step 310, Minibatch Loss= 0.0833, Training Accuracy= 0.970
Step 320, Minibatch Loss= 0.0217, Training Accuracy= 1.000
Step 330, Minibatch Loss= 0.0223, Training Accuracy= 1.000
Step 340, Minibatch Loss= 0.0149, Training Accuracy= 1.000
Step 350, Minibatch Loss= 0.0388, Training Accuracy= 0.980
Step 360, Minibatch Loss= 0.0254, Training Accuracy= 0.990
Step 370, Minibatch Loss= 0.0533, Training Accuracy= 0.980
Step 380, Minibatch Loss= 0.0323, Training Accuracy= 0.990
Step 390, Minibatch Loss= 0.0624, Training Accuracy= 0.980
Step 400, Minibatch Loss= 0.0613, Training Accuracy= 0.970
Step 410, Minibatch Loss= 0.0089, Training Accuracy= 1.000
Step 420, Minibatch Loss= 0.0444, Training Accuracy= 0.980
Step 430, Minibatch Loss= 0.0135, Training Accuracy= 1.000
Step 440, Minibatch Loss= 0.0097, Training Accuracy= 1.000
Step 450, Minibatch Loss= 0.0111, Training Accuracy= 1.000
Step 460, Minibatch Loss= 0.0210, Training Accuracy= 1.000
Optimization Finished!
running epochs
Step 10, Minibatch Loss= 0.0692, Training Accuracy= 0.990
Step 20, Minibatch Loss= 0.0295, Training Accuracy= 0.990
Step 30, Minibatch Loss= 0.0670, Training Accuracy= 0.980
Step 40, Minibatch Loss= 0.0159, Training Accuracy= 1.000
Step 50, Minibatch Loss= 0.0212, Training Accuracy= 1.000
Step 60, Minibatch Loss= 0.0565, Training Accuracy= 0.990
Step 70, Minibatch Loss= 0.0108, Training Accuracy= 1.000
Step 80, Minibatch Loss= 0.0353, Training Accuracy= 0.990
Step 90, Minibatch Loss= 0.0213, Training Accuracy= 0.990
Step 100, Minibatch Loss= 0.0151, Training Accuracy= 1.000
Step 110, Minibatch Loss= 0.0391, Training Accuracy= 0.990
Step 120, Minibatch Loss= 0.0570, Training Accuracy= 0.980
Step 130, Minibatch Loss= 0.0139, Training Accuracy= 1.000
Step 140, Minibatch Loss= 0.0448, Training Accuracy= 0.990
Step 150, Minibatch Loss= 0.0227, Training Accuracy= 0.990
Step 160, Minibatch Loss= 0.0107, Training Accuracy= 1.000
Step 170, Minibatch Loss= 0.0148, Training Accuracy= 1.000
Step 180, Minibatch Loss= 0.0482, Training Accuracy= 0.980
Step 190, Minibatch Loss= 0.0097, Training Accuracy= 1.000
Step 200, Minibatch Loss= 0.0193, Training Accuracy= 1.000
Step 210, Minibatch Loss= 0.0051, Training Accuracy= 1.000
Step 220, Minibatch Loss= 0.0114, Training Accuracy= 1.000
Step 230, Minibatch Loss= 0.0332, Training Accuracy= 0.990
Step 240, Minibatch Loss= 0.0070, Training Accuracy= 1.000
Step 250, Minibatch Loss= 0.0218, Training Accuracy= 0.990
Step 260, Minibatch Loss= 0.0141, Training Accuracy= 1.000
Step 270, Minibatch Loss= 0.0360, Training Accuracy= 0.990
Step 280, Minibatch Loss= 0.0104, Training Accuracy= 1.000
Step 290, Minibatch Loss= 0.0068, Training Accuracy= 1.000
Step 300, Minibatch Loss= 0.0107, Training Accuracy= 1.000
Step 310, Minibatch Loss= 0.0163, Training Accuracy= 1.000
Step 320, Minibatch Loss= 0.0084, Training Accuracy= 1.000
Step 330, Minibatch Loss= 0.0097, Training Accuracy= 1.000
Step 340, Minibatch Loss= 0.0077, Training Accuracy= 1.000
Step 350, Minibatch Loss= 0.0098, Training Accuracy= 1.000
Step 360, Minibatch Loss= 0.0172, Training Accuracy= 0.990
Step 370, Minibatch Loss= 0.0272, Training Accuracy= 0.990
Step 380, Minibatch Loss= 0.0179, Training Accuracy= 1.000
Step 390, Minibatch Loss= 0.0209, Training Accuracy= 1.000
Step 400, Minibatch Loss= 0.0203, Training Accuracy= 0.990
Step 410, Minibatch Loss= 0.0198, Training Accuracy= 1.000
Step 420, Minibatch Loss= 0.0163, Training Accuracy= 1.000
Step 430, Minibatch Loss= 0.0088, Training Accuracy= 1.000
Step 440, Minibatch Loss= 0.0057, Training Accuracy= 1.000
Step 450, Minibatch Loss= 0.0054, Training Accuracy= 1.000
Step 460, Minibatch Loss= 0.0154, Training Accuracy= 1.000
Optimization Finished!
running epochs
Step 10, Minibatch Loss= 0.0437, Training Accuracy= 0.990
Step 20, Minibatch Loss= 0.0052, Training Accuracy= 1.000
Step 30, Minibatch Loss= 0.0193, Training Accuracy= 1.000
Step 40, Minibatch Loss= 0.0051, Training Accuracy= 1.000
Step 50, Minibatch Loss= 0.0086, Training Accuracy= 1.000
Step 60, Minibatch Loss= 0.0865, Training Accuracy= 0.970
Step 70, Minibatch Loss= 0.0029, Training Accuracy= 1.000
Step 80, Minibatch Loss= 0.0128, Training Accuracy= 1.000
Step 90, Minibatch Loss= 0.0099, Training Accuracy= 1.000
Step 100, Minibatch Loss= 0.0061, Training Accuracy= 1.000
Step 110, Minibatch Loss= 0.0053, Training Accuracy= 1.000
Step 120, Minibatch Loss= 0.0452, Training Accuracy= 0.990
Step 130, Minibatch Loss= 0.0397, Training Accuracy= 0.990
Step 140, Minibatch Loss= 0.0303, Training Accuracy= 0.990
Step 150, Minibatch Loss= 0.0198, Training Accuracy= 0.990
Step 160, Minibatch Loss= 0.0065, Training Accuracy= 1.000
Step 170, Minibatch Loss= 0.0095, Training Accuracy= 1.000
Step 180, Minibatch Loss= 0.0357, Training Accuracy= 0.980
Step 190, Minibatch Loss= 0.0063, Training Accuracy= 1.000
Step 200, Minibatch Loss= 0.0082, Training Accuracy= 1.000
Step 210, Minibatch Loss= 0.0039, Training Accuracy= 1.000
Step 220, Minibatch Loss= 0.0047, Training Accuracy= 1.000
Step 230, Minibatch Loss= 0.0189, Training Accuracy= 1.000
Step 240, Minibatch Loss= 0.0041, Training Accuracy= 1.000
Step 250, Minibatch Loss= 0.0268, Training Accuracy= 0.990
Step 260, Minibatch Loss= 0.0075, Training Accuracy= 1.000
Step 270, Minibatch Loss= 0.0072, Training Accuracy= 1.000
Step 280, Minibatch Loss= 0.0041, Training Accuracy= 1.000
Step 290, Minibatch Loss= 0.0044, Training Accuracy= 1.000
Step 300, Minibatch Loss= 0.0056, Training Accuracy= 1.000
Step 310, Minibatch Loss= 0.0103, Training Accuracy= 1.000
Step 320, Minibatch Loss= 0.0090, Training Accuracy= 1.000
Step 330, Minibatch Loss= 0.0090, Training Accuracy= 1.000
Step 340, Minibatch Loss= 0.0039, Training Accuracy= 1.000
Step 350, Minibatch Loss= 0.0096, Training Accuracy= 1.000
Step 360, Minibatch Loss= 0.0100, Training Accuracy= 1.000
Step 370, Minibatch Loss= 0.0080, Training Accuracy= 1.000
Step 380, Minibatch Loss= 0.0112, Training Accuracy= 1.000
Step 390, Minibatch Loss= 0.0147, Training Accuracy= 1.000
Step 400, Minibatch Loss= 0.0177, Training Accuracy= 0.990
Step 410, Minibatch Loss= 0.0360, Training Accuracy= 0.990
Step 420, Minibatch Loss= 0.0118, Training Accuracy= 1.000
Step 430, Minibatch Loss= 0.0058, Training Accuracy= 1.000
Step 440, Minibatch Loss= 0.0055, Training Accuracy= 1.000
Step 450, Minibatch Loss= 0.0041, Training Accuracy= 1.000
Step 460, Minibatch Loss= 0.0129, Training Accuracy= 1.000
Optimization Finished!
('Testing Accuracy:', 0.982425)
done
