nohup: ignoring input
Using TensorFlow backend.
2019-05-09 23:35:20.901860: I tensorflow/core/platform/cpu_feature_guard.cc:141] Your CPU supports instructions that this TensorFlow binary was not compiled to use: AVX2 AVX512F FMA
2019-05-09 23:35:20.927965: I tensorflow/core/platform/profile_utils/cpu_utils.cc:94] CPU Frequency: 2194860000 Hz
2019-05-09 23:35:20.930620: I tensorflow/compiler/xla/service/service.cc:150] XLA service 0x37cd470 executing computations on platform Host. Devices:
2019-05-09 23:35:20.930657: I tensorflow/compiler/xla/service/service.cc:158]   StreamExecutor device (0): <undefined>, <undefined>
2019-05-09 23:35:20.931953: I tensorflow/core/distributed_runtime/rpc/grpc_channel.cc:252] Initialize GrpcChannelCache for job ps -> {0 -> node0:2262}
2019-05-09 23:35:20.931979: I tensorflow/core/distributed_runtime/rpc/grpc_channel.cc:252] Initialize GrpcChannelCache for job worker -> {0 -> node0:2263, 1 -> node1:2264, 2 -> localhost:2265}
2019-05-09 23:35:20.935667: I tensorflow/core/distributed_runtime/rpc/grpc_server_lib.cc:391] Started server with target: grpc://localhost:2265
WARNING:tensorflow:From /usr/local/lib/python2.7/dist-packages/tensorflow/python/framework/op_def_library.py:263: colocate_with (from tensorflow.python.framework.ops) is deprecated and will be removed in a future version.
Instructions for updating:
Colocations handled automatically by placer.
WARNING:tensorflow:From /users/madanraj/BigData-master/code/distributed_lstm_rnn_dynamic_clusterspec.py:131: dynamic_rnn (from tensorflow.python.ops.rnn) is deprecated and will be removed in a future version.
Instructions for updating:
Please use `keras.layers.RNN(cell)`, which is equivalent to this API
WARNING:tensorflow:From /users/madanraj/BigData-master/code/distributed_lstm_rnn_dynamic_clusterspec.py:137: batch_normalization (from tensorflow.python.layers.normalization) is deprecated and will be removed in a future version.
Instructions for updating:
Use keras.layers.batch_normalization instead.
WARNING:tensorflow:From /users/madanraj/BigData-master/code/distributed_lstm_rnn_dynamic_clusterspec.py:212: __init__ (from tensorflow.python.training.supervisor) is deprecated and will be removed in a future version.
Instructions for updating:
Please switch to tf.train.MonitoredTrainingSession
INFO:tensorflow:Running local_init_op.
2019-05-09 23:35:24.829977: I tensorflow/core/distributed_runtime/master_session.cc:1192] Start master session f433a8c92c7835de with config: 
INFO:tensorflow:Done running local_init_op.
INFO:tensorflow:Starting queue runners.
worker

WARNING: The TensorFlow contrib module will not be included in TensorFlow 2.0.
For more information, please see:
  * https://github.com/tensorflow/community/blob/master/rfcs/20180907-contrib-sunset.md
  * https://github.com/tensorflow/addons
If you depend on functionality not listed there, please file an issue.

dense/kernel:0
dense/bias:0
Variables initialized ...
running epochs
Step 10, Minibatch Loss= 2.3057, Training Accuracy= 0.060
Step 20, Minibatch Loss= 2.3004, Training Accuracy= 0.070
Step 30, Minibatch Loss= 2.2744, Training Accuracy= 0.220
Step 40, Minibatch Loss= 2.1324, Training Accuracy= 0.200
Step 50, Minibatch Loss= 1.9052, Training Accuracy= 0.310
Step 60, Minibatch Loss= 1.5691, Training Accuracy= 0.420
Step 70, Minibatch Loss= 1.2944, Training Accuracy= 0.560
Step 80, Minibatch Loss= 1.0008, Training Accuracy= 0.690
Step 90, Minibatch Loss= 0.8554, Training Accuracy= 0.750
Step 100, Minibatch Loss= 0.9213, Training Accuracy= 0.670
Step 110, Minibatch Loss= 0.6847, Training Accuracy= 0.780
Step 120, Minibatch Loss= 0.7994, Training Accuracy= 0.760
Step 130, Minibatch Loss= 0.7383, Training Accuracy= 0.810
Step 140, Minibatch Loss= 0.5406, Training Accuracy= 0.820
Step 150, Minibatch Loss= 0.5710, Training Accuracy= 0.790
Step 160, Minibatch Loss= 0.5085, Training Accuracy= 0.820
Step 170, Minibatch Loss= 0.4374, Training Accuracy= 0.850
Step 180, Minibatch Loss= 0.4127, Training Accuracy= 0.880
Step 190, Minibatch Loss= 0.4801, Training Accuracy= 0.840
Step 200, Minibatch Loss= 0.2933, Training Accuracy= 0.900
Step 210, Minibatch Loss= 0.3282, Training Accuracy= 0.910
Step 220, Minibatch Loss= 0.3015, Training Accuracy= 0.910
Step 230, Minibatch Loss= 0.2420, Training Accuracy= 0.940
Step 240, Minibatch Loss= 0.3136, Training Accuracy= 0.880
Step 250, Minibatch Loss= 0.2410, Training Accuracy= 0.930
Step 260, Minibatch Loss= 0.2349, Training Accuracy= 0.920
Step 270, Minibatch Loss= 0.2398, Training Accuracy= 0.940
Step 280, Minibatch Loss= 0.2129, Training Accuracy= 0.940
Step 290, Minibatch Loss= 0.1435, Training Accuracy= 0.970
Step 300, Minibatch Loss= 0.2374, Training Accuracy= 0.920
Step 310, Minibatch Loss= 0.2188, Training Accuracy= 0.950
Step 320, Minibatch Loss= 0.1389, Training Accuracy= 0.960
Step 330, Minibatch Loss= 0.2175, Training Accuracy= 0.920
Step 340, Minibatch Loss= 0.1075, Training Accuracy= 0.980
Step 350, Minibatch Loss= 0.1088, Training Accuracy= 0.970
Step 360, Minibatch Loss= 0.1071, Training Accuracy= 0.980
Step 370, Minibatch Loss= 0.1046, Training Accuracy= 0.950
Step 380, Minibatch Loss= 0.0939, Training Accuracy= 0.990
Step 390, Minibatch Loss= 0.2010, Training Accuracy= 0.920
Step 400, Minibatch Loss= 0.1247, Training Accuracy= 0.970
Step 410, Minibatch Loss= 0.0755, Training Accuracy= 0.980
Step 420, Minibatch Loss= 0.1647, Training Accuracy= 0.940
Step 430, Minibatch Loss= 0.0615, Training Accuracy= 0.990
Step 440, Minibatch Loss= 0.1120, Training Accuracy= 0.960
Step 450, Minibatch Loss= 0.1345, Training Accuracy= 0.960
Step 460, Minibatch Loss= 0.0662, Training Accuracy= 0.970
Optimization Finished!
running epochs
Step 10, Minibatch Loss= 0.0715, Training Accuracy= 0.980
Step 20, Minibatch Loss= 0.0276, Training Accuracy= 1.000
Step 30, Minibatch Loss= 0.1459, Training Accuracy= 0.950
Step 40, Minibatch Loss= 0.0298, Training Accuracy= 1.000
Step 50, Minibatch Loss= 0.0438, Training Accuracy= 1.000
Step 60, Minibatch Loss= 0.1156, Training Accuracy= 0.960
Step 70, Minibatch Loss= 0.0444, Training Accuracy= 0.990
Step 80, Minibatch Loss= 0.0652, Training Accuracy= 0.980
Step 90, Minibatch Loss= 0.0375, Training Accuracy= 0.990
Step 100, Minibatch Loss= 0.0388, Training Accuracy= 0.990
Step 110, Minibatch Loss= 0.0816, Training Accuracy= 0.980
Step 120, Minibatch Loss= 0.1045, Training Accuracy= 0.990
Step 130, Minibatch Loss= 0.0755, Training Accuracy= 0.980
Step 140, Minibatch Loss= 0.1149, Training Accuracy= 0.970
Step 150, Minibatch Loss= 0.0592, Training Accuracy= 0.980
Step 160, Minibatch Loss= 0.0349, Training Accuracy= 0.990
Step 170, Minibatch Loss= 0.0284, Training Accuracy= 1.000
Step 180, Minibatch Loss= 0.1000, Training Accuracy= 0.980
Step 190, Minibatch Loss= 0.0271, Training Accuracy= 0.990
Step 200, Minibatch Loss= 0.0422, Training Accuracy= 0.980
Step 210, Minibatch Loss= 0.0186, Training Accuracy= 1.000
Step 220, Minibatch Loss= 0.0664, Training Accuracy= 0.990
Step 230, Minibatch Loss= 0.1111, Training Accuracy= 0.960
Step 240, Minibatch Loss= 0.0296, Training Accuracy= 0.990
Step 250, Minibatch Loss= 0.0951, Training Accuracy= 0.950
Step 260, Minibatch Loss= 0.0127, Training Accuracy= 1.000
Step 270, Minibatch Loss= 0.0686, Training Accuracy= 0.960
Step 280, Minibatch Loss= 0.0422, Training Accuracy= 0.990
Step 290, Minibatch Loss= 0.0103, Training Accuracy= 1.000
Step 300, Minibatch Loss= 0.0275, Training Accuracy= 0.990
Step 310, Minibatch Loss= 0.0633, Training Accuracy= 0.990
Step 320, Minibatch Loss= 0.0318, Training Accuracy= 0.990
Step 330, Minibatch Loss= 0.0253, Training Accuracy= 1.000
Step 340, Minibatch Loss= 0.0272, Training Accuracy= 0.990
Step 350, Minibatch Loss= 0.0176, Training Accuracy= 1.000
Step 360, Minibatch Loss= 0.0486, Training Accuracy= 0.980
Step 370, Minibatch Loss= 0.0792, Training Accuracy= 0.990
Step 380, Minibatch Loss= 0.0405, Training Accuracy= 0.990
Step 390, Minibatch Loss= 0.0361, Training Accuracy= 0.980
Step 400, Minibatch Loss= 0.0917, Training Accuracy= 0.960
Step 410, Minibatch Loss= 0.0061, Training Accuracy= 1.000
Step 420, Minibatch Loss= 0.0354, Training Accuracy= 0.980
Step 430, Minibatch Loss= 0.0090, Training Accuracy= 1.000
Step 440, Minibatch Loss= 0.0148, Training Accuracy= 1.000
Step 450, Minibatch Loss= 0.0391, Training Accuracy= 0.990
Step 460, Minibatch Loss= 0.0177, Training Accuracy= 1.000
Optimization Finished!
running epochs
Step 10, Minibatch Loss= 0.0194, Training Accuracy= 0.990
Step 20, Minibatch Loss= 0.0096, Training Accuracy= 1.000
Step 30, Minibatch Loss= 0.0347, Training Accuracy= 0.990
Step 40, Minibatch Loss= 0.0056, Training Accuracy= 1.000
Step 50, Minibatch Loss= 0.0135, Training Accuracy= 1.000
Step 60, Minibatch Loss= 0.0140, Training Accuracy= 1.000
Step 70, Minibatch Loss= 0.0028, Training Accuracy= 1.000
Step 80, Minibatch Loss= 0.0163, Training Accuracy= 1.000
Step 90, Minibatch Loss= 0.0236, Training Accuracy= 0.990
Step 100, Minibatch Loss= 0.0334, Training Accuracy= 0.990
Step 110, Minibatch Loss= 0.0287, Training Accuracy= 0.990
Step 120, Minibatch Loss= 0.1338, Training Accuracy= 0.970
Step 130, Minibatch Loss= 0.0359, Training Accuracy= 0.990
Step 140, Minibatch Loss= 0.0160, Training Accuracy= 1.000
Step 150, Minibatch Loss= 0.0163, Training Accuracy= 0.990
Step 160, Minibatch Loss= 0.0089, Training Accuracy= 1.000
Step 170, Minibatch Loss= 0.0335, Training Accuracy= 0.990
Step 180, Minibatch Loss= 0.0510, Training Accuracy= 0.980
Step 190, Minibatch Loss= 0.0196, Training Accuracy= 1.000
Step 200, Minibatch Loss= 0.0217, Training Accuracy= 0.990
Step 210, Minibatch Loss= 0.0059, Training Accuracy= 1.000
Step 220, Minibatch Loss= 0.0111, Training Accuracy= 1.000
Step 230, Minibatch Loss= 0.0556, Training Accuracy= 0.970
Step 240, Minibatch Loss= 0.0076, Training Accuracy= 1.000
Step 250, Minibatch Loss= 0.0255, Training Accuracy= 1.000
Step 260, Minibatch Loss= 0.0071, Training Accuracy= 1.000
Step 270, Minibatch Loss= 0.0323, Training Accuracy= 0.970
Step 280, Minibatch Loss= 0.0118, Training Accuracy= 1.000
Step 290, Minibatch Loss= 0.0054, Training Accuracy= 1.000
Step 300, Minibatch Loss= 0.0215, Training Accuracy= 0.990
Step 310, Minibatch Loss= 0.0626, Training Accuracy= 0.990
Step 320, Minibatch Loss= 0.0132, Training Accuracy= 1.000
Step 330, Minibatch Loss= 0.0064, Training Accuracy= 1.000
Step 340, Minibatch Loss= 0.0090, Training Accuracy= 1.000
Step 350, Minibatch Loss= 0.0180, Training Accuracy= 0.990
Step 360, Minibatch Loss= 0.0204, Training Accuracy= 0.990
Step 370, Minibatch Loss= 0.0332, Training Accuracy= 0.980
Step 380, Minibatch Loss= 0.0543, Training Accuracy= 0.990
Step 390, Minibatch Loss= 0.0218, Training Accuracy= 0.990
Step 400, Minibatch Loss= 0.0420, Training Accuracy= 0.990
Step 410, Minibatch Loss= 0.0033, Training Accuracy= 1.000
Step 420, Minibatch Loss= 0.0280, Training Accuracy= 0.990
Step 430, Minibatch Loss= 0.0138, Training Accuracy= 0.990
Step 440, Minibatch Loss= 0.0122, Training Accuracy= 1.000
Step 450, Minibatch Loss= 0.0049, Training Accuracy= 1.000
Step 460, Minibatch Loss= 0.0160, Training Accuracy= 1.000
Optimization Finished!
running epochs
Step 10, Minibatch Loss= 0.0078, Training Accuracy= 1.000
Step 20, Minibatch Loss= 0.0030, Training Accuracy= 1.000
Step 30, Minibatch Loss= 0.0086, Training Accuracy= 1.000
Step 40, Minibatch Loss= 0.0080, Training Accuracy= 1.000
Step 50, Minibatch Loss= 0.0418, Training Accuracy= 0.990
Step 60, Minibatch Loss= 0.0206, Training Accuracy= 1.000
Step 70, Minibatch Loss= 0.0023, Training Accuracy= 1.000
Step 80, Minibatch Loss= 0.0031, Training Accuracy= 1.000
Step 90, Minibatch Loss= 0.0053, Training Accuracy= 1.000
Step 100, Minibatch Loss= 0.0041, Training Accuracy= 1.000
Step 110, Minibatch Loss= 0.0050, Training Accuracy= 1.000
Step 120, Minibatch Loss= 0.0189, Training Accuracy= 1.000
Step 130, Minibatch Loss= 0.0093, Training Accuracy= 1.000
Step 140, Minibatch Loss= 0.0054, Training Accuracy= 1.000
Step 150, Minibatch Loss= 0.0079, Training Accuracy= 1.000
Step 160, Minibatch Loss= 0.0043, Training Accuracy= 1.000
Step 170, Minibatch Loss= 0.0064, Training Accuracy= 1.000
Step 180, Minibatch Loss= 0.0092, Training Accuracy= 1.000
Step 190, Minibatch Loss= 0.0025, Training Accuracy= 1.000
Step 200, Minibatch Loss= 0.0098, Training Accuracy= 1.000
Step 210, Minibatch Loss= 0.0057, Training Accuracy= 1.000
Step 220, Minibatch Loss= 0.0029, Training Accuracy= 1.000
Step 230, Minibatch Loss= 0.0123, Training Accuracy= 1.000
Step 240, Minibatch Loss= 0.0032, Training Accuracy= 1.000
Step 250, Minibatch Loss= 0.0085, Training Accuracy= 1.000
Step 260, Minibatch Loss= 0.0041, Training Accuracy= 1.000
Step 270, Minibatch Loss= 0.0546, Training Accuracy= 0.990
Step 280, Minibatch Loss= 0.0047, Training Accuracy= 1.000
Step 290, Minibatch Loss= 0.0047, Training Accuracy= 1.000
Step 300, Minibatch Loss= 0.0062, Training Accuracy= 1.000
Step 310, Minibatch Loss= 0.0161, Training Accuracy= 1.000
Step 320, Minibatch Loss= 0.0075, Training Accuracy= 1.000
Step 330, Minibatch Loss= 0.0271, Training Accuracy= 0.990
Step 340, Minibatch Loss= 0.0043, Training Accuracy= 1.000
Step 350, Minibatch Loss= 0.0134, Training Accuracy= 0.990
Step 360, Minibatch Loss= 0.0095, Training Accuracy= 1.000
Step 370, Minibatch Loss= 0.0582, Training Accuracy= 0.990
Step 380, Minibatch Loss= 0.0148, Training Accuracy= 0.990
Step 390, Minibatch Loss= 0.0054, Training Accuracy= 1.000
Step 400, Minibatch Loss= 0.0034, Training Accuracy= 1.000
Step 410, Minibatch Loss= 0.0015, Training Accuracy= 1.000
Step 420, Minibatch Loss= 0.0133, Training Accuracy= 1.000
Step 430, Minibatch Loss= 0.0027, Training Accuracy= 1.000
Step 440, Minibatch Loss= 0.0021, Training Accuracy= 1.000
Step 450, Minibatch Loss= 0.0026, Training Accuracy= 1.000
Step 460, Minibatch Loss= 0.0040, Training Accuracy= 1.000
Optimization Finished!
running epochs
Step 10, Minibatch Loss= 0.0025, Training Accuracy= 1.000
Step 20, Minibatch Loss= 0.0008, Training Accuracy= 1.000
Step 30, Minibatch Loss= 0.0024, Training Accuracy= 1.000
Step 40, Minibatch Loss= 0.0112, Training Accuracy= 1.000
Step 50, Minibatch Loss= 0.0015, Training Accuracy= 1.000
Step 60, Minibatch Loss= 0.0020, Training Accuracy= 1.000
Step 70, Minibatch Loss= 0.0016, Training Accuracy= 1.000
Step 80, Minibatch Loss= 0.0034, Training Accuracy= 1.000
Step 90, Minibatch Loss= 0.0012, Training Accuracy= 1.000
Step 100, Minibatch Loss= 0.0013, Training Accuracy= 1.000
Step 110, Minibatch Loss= 0.0021, Training Accuracy= 1.000
Step 120, Minibatch Loss= 0.0081, Training Accuracy= 1.000
Step 130, Minibatch Loss= 0.0020, Training Accuracy= 1.000
Step 140, Minibatch Loss= 0.0012, Training Accuracy= 1.000
Step 150, Minibatch Loss= 0.0011, Training Accuracy= 1.000
Step 160, Minibatch Loss= 0.0011, Training Accura2019-05-09 23:38:10.565915: W tensorflow/core/distributed_runtime/master_session.cc:2029] Unavailable: OS Error
cy= 1.000
Step 170, Minibatch Loss= 0.0092, Training Accuracy= 1.000
Step 180, Minibatch Loss= 0.0213, Training Accuracy= 0.990
Step 190, Minibatch Loss= 0.0033, Training Accuracy= 1.000
Step 200, Minibatch Loss= 0.0010, Training Accuracy= 1.000
Step 210, Minibatch Loss= 0.0006, Training Accuracy= 1.000
Step 220, Minibatch Loss= 0.0007, Training Accuracy= 1.000
Step 230, Minibatch Loss= 0.0040, Training Accuracy= 1.000
Step 240, Minibatch Loss= 0.0013, Training Accuracy= 1.000
Step 250, Minibatch Loss= 0.0056, Training Accuracy= 1.000
Step 260, Minibatch Loss= 0.0006, Training Accuracy= 1.000
Step 270, Minibatch Loss= 0.0116, Training Accuracy= 1.000
Step 280, Minibatch Loss= 0.0018, Training Accuracy= 1.000
Step 290, Minibatch Loss= 0.0017, Training Accuracy= 1.000
Step 300, Minibatch Loss= 0.0011, Training Accuracy= 1.000
Step 310, Minibatch Loss= 0.0008, Training Accuracy= 1.000
Step 320, Minibatch Loss= 0.0038, Training Accuracy= 1.000
Step 330, Minibatch Loss= 0.0036, Training Accuracy= 1.000
Step 340, Minibatch Loss= 0.0022, Training Accuracy= 1.000
Step 350, Minibatch Loss= 0.0043, Training Accuracy= 1.000
Step 360, Minibatch Loss= 0.0077, Training Accuracy= 1.000
Step 370, Minibatch Loss= 0.0295, Training Accuracy= 0.990
Step 380, Minibatch Loss= 0.0065, Training Accuracy= 1.000
Step 390, Minibatch Loss= 0.0067, Training Accuracy= 1.000
Step 400, Minibatch Loss= 0.0010, Training Accuracy= 1.000
Step 410, Minibatch Loss= 0.0005, Training Accuracy= 1.000
Step 420, Minibatch Loss= 0.0013, Training Accuracy= 1.000
Step 430, Minibatch Loss= 0.0007, Training Accuracy= 1.000
Step 440, Minibatch Loss= 0.0006, Training Accuracy= 1.000
Step 450, Minibatch Loss= 0.0011, Training Accuracy= 1.000
Step 460, Minibatch Loss= 0.0016, Training Accuracy= 1.000
Optimization Finished!
('Testing Accuracy:', 0.983475)
done
